[02/23/2020 10:48:37 PM] INFO:Starting up 
[02/23/2020 10:58:34 PM] INFO:Starting up 
[02/23/2020 11:02:55 PM] INFO:Starting up 
[02/23/2020 11:28:07 PM] INFO:Starting up 
[02/23/2020 11:28:07 PM] INFO:Water is ON
[02/23/2020 11:29:15 PM] INFO:Starting up 
[02/23/2020 11:29:15 PM] INFO:Water is ON
[02/23/2020 11:29:37 PM] INFO:Starting up 
[02/23/2020 11:29:57 PM] INFO:Starting up 
[02/23/2020 11:29:57 PM] INFO:Water is ON
[02/23/2020 11:35:59 PM] INFO:Starting up 
[02/23/2020 11:35:59 PM] INFO:shutting down for other interrupt
[02/23/2020 11:36:29 PM] INFO:Starting up 
[02/23/2020 11:36:29 PM] INFO:Water is ON
[02/23/2020 11:38:43 PM] INFO:Starting up 
[02/23/2020 11:38:43 PM] INFO:Water is ON
[02/23/2020 11:39:17 PM] INFO:Starting up 
[02/23/2020 11:39:57 PM] INFO:Starting up 
[02/23/2020 11:40:17 PM] INFO:Starting up 
[02/23/2020 11:40:17 PM] INFO:Water is ON
[02/23/2020 11:42:08 PM] INFO:Starting up 
[02/23/2020 11:42:36 PM] INFO:shutting down for keyboard interrupt
[02/23/2020 11:43:22 PM] INFO:Starting up 
[02/23/2020 11:43:48 PM] INFO:shutting down for keyboard interrupt
[03/16/2020 11:54:35 PM] INFO:Starting up 
[03/16/2020 11:55:30 PM] INFO:Starting up 
[03/16/2020 11:55:30 PM] INFO:Water is ON
[03/16/2020 11:59:34 PM] INFO:Starting up 
[03/17/2020 12:00:03 AM] INFO:Starting up 
[03/17/2020 12:00:24 AM] INFO:Starting up 
[03/17/2020 12:01:24 AM] INFO:Starting up 
[03/18/2020 09:34:03 PM] INFO:Starting up 
[03/18/2020 09:34:03 PM] INFO:Water is ON
[03/18/2020 09:35:50 PM] INFO:Starting up 
[03/18/2020 09:36:16 PM] INFO:Starting up 
[03/18/2020 09:38:38 PM] INFO:Starting up 
[03/18/2020 09:39:01 PM] INFO:Starting up 
[03/18/2020 09:39:01 PM] INFO:Water is ON
[03/18/2020 09:39:29 PM] INFO:Starting up 
[03/18/2020 09:39:52 PM] INFO:Starting up 
[03/18/2020 09:39:52 PM] INFO:Water is ON
[03/18/2020 09:40:12 PM] INFO:Starting up 
[03/18/2020 09:41:51 PM] INFO:Starting up 
[03/18/2020 09:49:04 PM] INFO:Starting up 
[03/18/2020 09:49:04 PM] INFO:Water is ON
[03/18/2020 09:50:09 PM] INFO:Starting up 
[03/18/2020 09:50:09 PM] INFO:Water is ON
[03/18/2020 10:35:30 PM] INFO:Starting up 
[03/18/2020 10:55:04 PM] INFO:Starting up 
[03/18/2020 11:05:04 PM] INFO:shutting down for other interrupt
[04/13/2020 03:08:47 PM] INFO:Starting up 
[04/13/2020 03:08:47 PM] INFO:Water is ON
[04/13/2020 03:11:16 PM] INFO:Starting up 
[04/13/2020 03:11:16 PM] INFO:Water is ON
[04/13/2020 03:12:14 PM] INFO:Starting up 
[04/13/2020 03:12:14 PM] INFO:Water is OFF
[04/13/2020 03:12:44 PM] INFO:Starting up 
[04/13/2020 03:12:44 PM] INFO:Water is ON
[04/16/2020 10:11:30 AM] INFO:Starting up 
[04/16/2020 10:11:30 AM] INFO:Water is OFF
[04/16/2020 10:13:49 AM] INFO:Starting up 
[04/16/2020 10:13:49 AM] INFO:Water is ON
[04/16/2020 10:14:26 AM] INFO:Starting up 
[04/16/2020 10:14:26 AM] INFO:Water is OFF
[04/16/2020 10:19:28 AM] INFO:Starting up 
[04/16/2020 10:19:28 AM] INFO:Water is ON
[04/16/2020 10:27:39 AM] INFO:Starting up 
[04/16/2020 10:27:39 AM] INFO:Water is ON
[04/16/2020 10:28:56 AM] INFO:Starting up 
[04/16/2020 10:28:56 AM] INFO:Water is OFF
[04/16/2020 10:29:37 AM] INFO:Starting up 
[04/16/2020 10:29:37 AM] INFO:Water is ON
[04/16/2020 10:42:12 AM] INFO:Starting up 
[04/16/2020 10:42:12 AM] INFO:Water is OFF
[04/16/2020 10:48:31 AM] INFO:Starting up 
[04/16/2020 10:48:31 AM] INFO:Water is ON
[04/16/2020 10:49:04 AM] INFO:Starting up 
[04/16/2020 10:49:04 AM] INFO:Water is OFF
[04/16/2020 10:49:53 AM] INFO:Starting up 
[04/16/2020 10:49:53 AM] INFO:Water is ON
[04/16/2020 10:50:39 AM] INFO:Starting up 
[04/16/2020 10:50:39 AM] INFO:Water is OFF
